#
# There is insufficient memory for the Java Runtime Environment to continue.
# Native memory allocation (mmap) failed to map 150994944 bytes for committing reserved memory.
# Possible reasons:
#   The system is out of physical RAM or swap space
#   In 32 bit mode, the process size limit was hit
# Possible solutions:
#   Reduce memory load on the system
#   Increase physical memory or swap space
#   Check if swap backing store is full
#   Use 64 bit Java on a 64 bit OS
#   Decrease Java heap size (-Xmx/-Xms)
#   Decrease number of Java threads
#   Decrease Java thread stack sizes (-Xss)
#   Set larger code cache with -XX:ReservedCodeCacheSize=
# This output file may be truncated or incomplete.
#
#  Out of Memory Error (os_linux.cpp:2640), pid=13070, tid=0x00007f5ade7d6700
#
# JRE version: Java(TM) SE Runtime Environment (8.0_131-b11) (build 1.8.0_131-b11)
# Java VM: Java HotSpot(TM) 64-Bit Server VM (25.131-b11 mixed mode linux-amd64 compressed oops)
# Failed to write core dump. Core dumps have been disabled. To enable core dumping, try "ulimit -c unlimited" before starting Java again
#

---------------  T H R E A D  ---------------

Current thread (0x00007f5af4076800):  VMThread [stack: 0x00007f5ade6d6000,0x00007f5ade7d7000] [id=13093]

Stack: [0x00007f5ade6d6000,0x00007f5ade7d7000],  sp=0x00007f5ade7d5220,  free space=1020k
Native frames: (J=compiled Java code, j=interpreted, Vv=VM code, C=native code)
V  [libjvm.so+0xac826a]  VMError::report_and_die()+0x2ba
V  [libjvm.so+0x4fd4cb]  report_vm_out_of_memory(char const*, int, unsigned long, VMErrorType, char const*)+0x8b
V  [libjvm.so+0x924f53]  os::Linux::commit_memory_impl(char*, unsigned long, bool)+0x103
V  [libjvm.so+0x9254a9]  os::pd_commit_memory(char*, unsigned long, unsigned long, bool)+0x29
V  [libjvm.so+0x91f6ca]  os::commit_memory(char*, unsigned long, unsigned long, bool)+0x2a
V  [libjvm.so+0x9941e3]  PSVirtualSpace::expand_by(unsigned long)+0x53
V  [libjvm.so+0x9955e8]  PSYoungGen::resize_generation(unsigned long, unsigned long)+0xf8
V  [libjvm.so+0x994742]  PSYoungGen::resize(unsigned long, unsigned long)+0x22
V  [libjvm.so+0x991a1b]  PSScavenge::invoke_no_policy()+0xf3b
V  [libjvm.so+0x9921a1]  PSScavenge::invoke()+0x41
V  [libjvm.so+0x948f00]  ParallelScavengeHeap::failed_mem_allocate(unsigned long)+0x70
V  [libjvm.so+0xac9c87]  VM_ParallelGCFailedAllocation::doit()+0x97
V  [libjvm.so+0xad1765]  VM_Operation::evaluate()+0x55
V  [libjvm.so+0xacfb3a]  VMThread::evaluate_operation(VM_Operation*)+0xba
V  [libjvm.so+0xacfebe]  VMThread::loop()+0x1ce
V  [libjvm.so+0xad0330]  VMThread::run()+0x70
V  [libjvm.so+0x927568]  java_start(Thread*)+0x108

VM_Operation (0x00007f5afb2e8bf0): ParallelGCFailedAllocation, mode: safepoint, requested by thread 0x00007f5af4008000


---------------  P R O C E S S  ---------------

Java Threads: ( => current thread )
  0x00007f5af43c5800 JavaThread "process reaper" daemon [_thread_blocked, id=13112, stack(0x00007f5adc199000,0x00007f5adc1d2000)]
  0x00007f5af4c4c800 JavaThread "resolver-4" daemon [_thread_blocked, id=13108, stack(0x00007f5adc2d3000,0x00007f5adc3d4000)]
  0x00007f5af4c4b800 JavaThread "resolver-3" daemon [_thread_blocked, id=13107, stack(0x00007f5adc3d4000,0x00007f5adc4d5000)]
  0x00007f5af4cb4800 JavaThread "resolver-2" daemon [_thread_blocked, id=13106, stack(0x00007f5adc4d5000,0x00007f5adc5d6000)]
  0x00007f5af4cbb800 JavaThread "resolver-1" daemon [_thread_blocked, id=13105, stack(0x00007f5adcfe7000,0x00007f5add0e8000)]
  0x00007f5af40c7800 JavaThread "Service Thread" daemon [_thread_blocked, id=13100, stack(0x00007f5addfcf000,0x00007f5ade0d0000)]
  0x00007f5af40bc800 JavaThread "C1 CompilerThread2" daemon [_thread_blocked, id=13099, stack(0x00007f5ade0d0000,0x00007f5ade1d1000)]
  0x00007f5af40ba800 JavaThread "C2 CompilerThread1" daemon [_thread_blocked, id=13098, stack(0x00007f5ade1d1000,0x00007f5ade2d2000)]
  0x00007f5af40b7800 JavaThread "C2 CompilerThread0" daemon [_thread_blocked, id=13097, stack(0x00007f5ade2d2000,0x00007f5ade3d3000)]
  0x00007f5af40b6000 JavaThread "Signal Dispatcher" daemon [_thread_blocked, id=13096, stack(0x00007f5ade3d3000,0x00007f5ade4d4000)]
  0x00007f5af4082800 JavaThread "Finalizer" daemon [_thread_blocked, id=13095, stack(0x00007f5ade4d4000,0x00007f5ade5d5000)]
  0x00007f5af407e000 JavaThread "Reference Handler" daemon [_thread_blocked, id=13094, stack(0x00007f5ade5d5000,0x00007f5ade6d6000)]
  0x00007f5af4008000 JavaThread "main" [_thread_blocked, id=13088, stack(0x00007f5afb1eb000,0x00007f5afb2ec000)]

Other Threads:
=>0x00007f5af4076800 VMThread [stack: 0x00007f5ade6d6000,0x00007f5ade7d7000] [id=13093]
  0x00007f5af40ca000 WatcherThread [stack: 0x00007f5addece000,0x00007f5addfcf000] [id=13101]

VM state:at safepoint (normal execution)

VM Mutex/Monitor currently owned by a thread:  ([mutex/lock_event])
[0x00007f5af4006060] Threads_lock - owner thread: 0x00007f5af4076800
[0x00007f5af4006560] Heap_lock - owner thread: 0x00007f5af4008000

Heap:
 PSYoungGen      total 702464K, used 12511K [0x0000000782200000, 0x00000007aef00000, 0x00000007c0000000)
  eden space 670720K, 0% used [0x0000000782200000,0x0000000782200000,0x00000007ab100000)
  from space 31744K, 39% used [0x00000007ab100000,0x00000007abd37ee8,0x00000007ad000000)
  to   space 27648K, 0% used [0x00000007ad400000,0x00000007ad400000,0x00000007aef00000)
 ParOldGen       total 142336K, used 43226K [0x0000000706600000, 0x000000070f100000, 0x0000000782200000)
  object space 142336K, 30% used [0x0000000706600000,0x0000000709036928,0x000000070f100000)
 Metaspace       used 35023K, capacity 36282K, committed 36648K, reserved 1081344K
  class space    used 4030K, capacity 4424K, committed 4480K, reserved 1048576K

Card table byte_map: [0x00007f5ae4a32000,0x00007f5ae5000000] byte_map_base: 0x00007f5ae11ff000

Marking Bits: (ParMarkBitMap*) 0x00007f5afa6bff60
 Begin Bits: [0x00007f5ac2330000, 0x00007f5ac5198000)
 End Bits:   [0x00007f5ac5198000, 0x00007f5ac8000000)

Polling page: 0x00007f5afb307000

CodeCache: size=245760Kb used=23354Kb max_used=23449Kb free=222405Kb
 bounds [0x00007f5ae5000000, 0x00007f5ae6740000, 0x00007f5af4000000]
 total_blobs=7629 nmethods=7214 adapters=326
 compilation: enabled

Compilation events (10 events):
Event: 25.933 Thread 0x00007f5af40b7800 9214       4       sun.util.calendar.BaseCalendar::getFixedDate (324 bytes)
Event: 25.936 Thread 0x00007f5af40bc800 9215       3       com.google.common.collect.AbstractMultimap::getOrCreateCollection (38 bytes)
Event: 25.936 Thread 0x00007f5af40bc800 nmethod 9215 0x00007f5ae5836f90 code [0x00007f5ae5837140, 0x00007f5ae5837728]
Event: 25.937 Thread 0x00007f5af40bc800 9216       3       org.objectweb.asm.ClassWriter::<init> (122 bytes)
Event: 25.938 Thread 0x00007f5af40bc800 nmethod 9216 0x00007f5ae5bab390 code [0x00007f5ae5bab5a0, 0x00007f5ae5babfe8]
Event: 25.943 Thread 0x00007f5af40b7800 nmethod 9214 0x00007f5ae5815c50 code [0x00007f5ae5815e00, 0x00007f5ae5816340]
Event: 25.943 Thread 0x00007f5af40bc800 9217       3       org.objectweb.asm.MethodVisitor::visitIntInsn (17 bytes)
Event: 25.943 Thread 0x00007f5af40bc800 nmethod 9217 0x00007f5ae5ad9910 code [0x00007f5ae5ad9a80, 0x00007f5ae5ad9ce8]
Event: 25.943 Thread 0x00007f5af40bc800 9218       3       org.objectweb.asm.MethodWriter::visitIntInsn (104 bytes)
Event: 25.944 Thread 0x00007f5af40bc800 nmethod 9218 0x00007f5ae57f5050 code [0x00007f5ae57f5200, 0x00007f5ae57f56a8]

GC Heap History (10 events):
Event: 18.486 GC heap after
Heap after GC invocations=16 (full 2):
 PSYoungGen      total 440320K, used 16253K [0x0000000782200000, 0x000000079f300000, 0x00000007c0000000)
  eden space 406016K, 0% used [0x0000000782200000,0x0000000782200000,0x000000079ae80000)
  from space 34304K, 47% used [0x000000079ce80000,0x000000079de5f508,0x000000079f000000)
  to   space 32768K, 0% used [0x000000079ae80000,0x000000079ae80000,0x000000079ce80000)
 ParOldGen       total 142336K, used 31742K [0x0000000706600000, 0x000000070f100000, 0x0000000782200000)
  object space 142336K, 22% used [0x0000000706600000,0x00000007084ff9f0,0x000000070f100000)
 Metaspace       used 32670K, capacity 33776K, committed 35496K, reserved 1081344K
  class space    used 3748K, capacity 4083K, committed 4352K, reserved 1048576K
}
Event: 19.130 GC heap before
{Heap before GC invocations=17 (full 2):
 PSYoungGen      total 440320K, used 422269K [0x0000000782200000, 0x000000079f300000, 0x00000007c0000000)
  eden space 406016K, 100% used [0x0000000782200000,0x000000079ae80000,0x000000079ae80000)
  from space 34304K, 47% used [0x000000079ce80000,0x000000079de5f508,0x000000079f000000)
  to   space 32768K, 0% used [0x000000079ae80000,0x000000079ae80000,0x000000079ce80000)
 ParOldGen       total 142336K, used 31742K [0x0000000706600000, 0x000000070f100000, 0x0000000782200000)
  object space 142336K, 22% used [0x0000000706600000,0x00000007084ff9f0,0x000000070f100000)
 Metaspace       used 32674K, capacity 33776K, committed 35496K, reserved 1081344K
  class space    used 3748K, capacity 4083K, committed 4352K, reserved 1048576K
Event: 19.163 GC heap after
Heap after GC invocations=17 (full 2):
 PSYoungGen      total 438784K, used 14908K [0x0000000782200000, 0x00000007a7c00000, 0x00000007c0000000)
  eden space 406016K, 0% used [0x0000000782200000,0x0000000782200000,0x000000079ae80000)
  from space 32768K, 45% used [0x000000079ae80000,0x000000079bd0f0a8,0x000000079ce80000)
  to   space 31232K, 0% used [0x00000007a5d80000,0x00000007a5d80000,0x00000007a7c00000)
 ParOldGen       total 142336K, used 31742K [0x0000000706600000, 0x000000070f100000, 0x0000000782200000)
  object space 142336K, 22% used [0x0000000706600000,0x00000007084ff9f0,0x000000070f100000)
 Metaspace       used 32674K, capacity 33776K, committed 35496K, reserved 1081344K
  class space    used 3748K, capacity 4083K, committed 4352K, reserved 1048576K
}
Event: 20.719 GC heap before
{Heap before GC invocations=18 (full 2):
 PSYoungGen      total 438784K, used 420924K [0x0000000782200000, 0x00000007a7c00000, 0x00000007c0000000)
  eden space 406016K, 100% used [0x0000000782200000,0x000000079ae80000,0x000000079ae80000)
  from space 32768K, 45% used [0x000000079ae80000,0x000000079bd0f0a8,0x000000079ce80000)
  to   space 31232K, 0% used [0x00000007a5d80000,0x00000007a5d80000,0x00000007a7c00000)
 ParOldGen       total 142336K, used 31742K [0x0000000706600000, 0x000000070f100000, 0x0000000782200000)
  object space 142336K, 22% used [0x0000000706600000,0x00000007084ff9f0,0x000000070f100000)
 Metaspace       used 33841K, capacity 35058K, committed 35496K, reserved 1081344K
  class space    used 3888K, capacity 4253K, committed 4352K, reserved 1048576K
Event: 20.743 GC heap after
Heap after GC invocations=18 (full 2):
 PSYoungGen      total 565760K, used 18150K [0x0000000782200000, 0x00000007a7200000, 0x00000007c0000000)
  eden space 544768K, 0% used [0x0000000782200000,0x0000000782200000,0x00000007a3600000)
  from space 20992K, 86% used [0x00000007a5d80000,0x00000007a6f39b38,0x00000007a7200000)
  to   space 30720K, 0% used [0x00000007a3600000,0x00000007a3600000,0x00000007a5400000)
 ParOldGen       total 142336K, used 31750K [0x0000000706600000, 0x000000070f100000, 0x0000000782200000)
  object space 142336K, 22% used [0x0000000706600000,0x00000007085019f0,0x000000070f100000)
 Metaspace       used 33841K, capacity 35058K, committed 35496K, reserved 1081344K
  class space    used 3888K, capacity 4253K, committed 4352K, reserved 1048576K
}
Event: 21.821 GC heap before
{Heap before GC invocations=19 (full 2):
 PSYoungGen      total 565760K, used 562918K [0x0000000782200000, 0x00000007a7200000, 0x00000007c0000000)
  eden space 544768K, 100% used [0x0000000782200000,0x00000007a3600000,0x00000007a3600000)
  from space 20992K, 86% used [0x00000007a5d80000,0x00000007a6f39b38,0x00000007a7200000)
  to   space 30720K, 0% used [0x00000007a3600000,0x00000007a3600000,0x00000007a5400000)
 ParOldGen       total 142336K, used 31750K [0x0000000706600000, 0x000000070f100000, 0x0000000782200000)
  object space 142336K, 22% used [0x0000000706600000,0x00000007085019f0,0x000000070f100000)
 Metaspace       used 33844K, capacity 35058K, committed 35496K, reserved 1081344K
  class space    used 3888K, capacity 4253K, committed 4352K, reserved 1048576K
Event: 21.882 GC heap after
Heap after GC invocations=19 (full 2):
 PSYoungGen      total 575488K, used 18569K [0x0000000782200000, 0x00000007af100000, 0x00000007c0000000)
  eden space 544768K, 0% used [0x0000000782200000,0x0000000782200000,0x00000007a3600000)
  from space 30720K, 60% used [0x00000007a3600000,0x00000007a4822450,0x00000007a5400000)
  to   space 29696K, 0% used [0x00000007ad400000,0x00000007ad400000,0x00000007af100000)
 ParOldGen       total 142336K, used 31750K [0x0000000706600000, 0x000000070f100000, 0x0000000782200000)
  object space 142336K, 22% used [0x0000000706600000,0x00000007085019f0,0x000000070f100000)
 Metaspace       used 33844K, capacity 35058K, committed 35496K, reserved 1081344K
  class space    used 3888K, capacity 4253K, committed 4352K, reserved 1048576K
}
Event: 24.422 GC heap before
{Heap before GC invocations=20 (full 2):
 PSYoungGen      total 575488K, used 563337K [0x0000000782200000, 0x00000007af100000, 0x00000007c0000000)
  eden space 544768K, 100% used [0x0000000782200000,0x00000007a3600000,0x00000007a3600000)
  from space 30720K, 60% used [0x00000007a3600000,0x00000007a4822450,0x00000007a5400000)
  to   space 29696K, 0% used [0x00000007ad400000,0x00000007ad400000,0x00000007af100000)
 ParOldGen       total 142336K, used 31750K [0x0000000706600000, 0x000000070f100000, 0x0000000782200000)
  object space 142336K, 22% used [0x0000000706600000,0x00000007085019f0,0x000000070f100000)
 Metaspace       used 35020K, capacity 36282K, committed 36648K, reserved 1081344K
  class space    used 4030K, capacity 4424K, committed 4480K, reserved 1048576K
Event: 24.479 GC heap after
Heap after GC invocations=20 (full 2):
 PSYoungGen      total 698368K, used 25034K [0x0000000782200000, 0x00000007aef00000, 0x00000007c0000000)
  eden space 670720K, 0% used [0x0000000782200000,0x0000000782200000,0x00000007ab100000)
  from space 27648K, 90% used [0x00000007ad400000,0x00000007aec72850,0x00000007aef00000)
  to   space 31744K, 0% used [0x00000007ab100000,0x00000007ab100000,0x00000007ad000000)
 ParOldGen       total 142336K, used 31758K [0x0000000706600000, 0x000000070f100000, 0x0000000782200000)
  object space 142336K, 22% used [0x0000000706600000,0x00000007085039f0,0x000000070f100000)
 Metaspace       used 35020K, capacity 36282K, committed 36648K, reserved 1081344K
  class space    used 4030K, capacity 4424K, committed 4480K, reserved 1048576K
}
Event: 25.946 GC heap before
{Heap before GC invocations=21 (full 2):
 PSYoungGen      total 698368K, used 695754K [0x0000000782200000, 0x00000007aef00000, 0x00000007c0000000)
  eden space 670720K, 100% used [0x0000000782200000,0x00000007ab100000,0x00000007ab100000)
  from space 27648K, 90% used [0x00000007ad400000,0x00000007aec72850,0x00000007aef00000)
  to   space 31744K, 0% used [0x00000007ab100000,0x00000007ab100000,0x00000007ad000000)
 ParOldGen       total 142336K, used 31758K [0x0000000706600000, 0x000000070f100000, 0x0000000782200000)
  object space 142336K, 22% used [0x0000000706600000,0x00000007085039f0,0x000000070f100000)
 Metaspace       used 35023K, capacity 36282K, committed 36648K, reserved 1081344K
  class space    used 4030K, capacity 4424K, committed 4480K, reserved 1048576K

Deoptimization events (10 events):
Event: 22.103 Thread 0x00007f5af4008000 Uncommon trap: reason=unstable_if action=reinterpret pc=0x00007f5ae5c23f70 method=org.apache.maven.plugins.shade.relocation.SimpleRelocator.canRelocatePath(Ljava/lang/String;)Z @ 28
Event: 22.801 Thread 0x00007f5af4008000 Uncommon trap: reason=bimorphic action=maybe_recompile pc=0x00007f5ae579fe88 method=com.sun.tools.javac.jvm.ClassReader.fillIn(Lcom/sun/tools/javac/code/Symbol$PackageSymbol;Ljavax/tools/JavaFileManager$Location;Ljava/lang/Iterable;)V @ 86
Event: 22.801 Thread 0x00007f5af4008000 Uncommon trap: reason=bimorphic action=maybe_recompile pc=0x00007f5ae579fe88 method=com.sun.tools.javac.jvm.ClassReader.fillIn(Lcom/sun/tools/javac/code/Symbol$PackageSymbol;Ljavax/tools/JavaFileManager$Location;Ljava/lang/Iterable;)V @ 86
Event: 22.801 Thread 0x00007f5af4008000 Uncommon trap: reason=bimorphic action=maybe_recompile pc=0x00007f5ae579fe88 method=com.sun.tools.javac.jvm.ClassReader.fillIn(Lcom/sun/tools/javac/code/Symbol$PackageSymbol;Ljavax/tools/JavaFileManager$Location;Ljava/lang/Iterable;)V @ 86
Event: 22.802 Thread 0x00007f5af4008000 Uncommon trap: reason=bimorphic action=maybe_recompile pc=0x00007f5ae579fe88 method=com.sun.tools.javac.jvm.ClassReader.fillIn(Lcom/sun/tools/javac/code/Symbol$PackageSymbol;Ljavax/tools/JavaFileManager$Location;Ljava/lang/Iterable;)V @ 86
Event: 22.836 Thread 0x00007f5af4008000 Uncommon trap: reason=null_check action=make_not_entrant pc=0x00007f5ae5aa3b58 method=com.sun.tools.javac.code.Types.closure(Lcom/sun/tools/javac/code/Type;)Lcom/sun/tools/javac/util/List; @ 10
Event: 23.739 Thread 0x00007f5af4008000 Uncommon trap: reason=unstable_if action=reinterpret pc=0x00007f5ae558fab4 method=org.objectweb.asm.ClassReader.b(Lorg/objectweb/asm/ClassVisitor;Lorg/objectweb/asm/Context;I)I @ 1038
Event: 23.765 Thread 0x00007f5af4008000 Uncommon trap: reason=unstable_if action=reinterpret pc=0x00007f5ae644caa4 method=org.objectweb.asm.signature.SignatureReader.accept(Lorg/objectweb/asm/signature/SignatureVisitor;)V @ 79
Event: 23.863 Thread 0x00007f5af4008000 Uncommon trap: reason=unstable_if action=reinterpret pc=0x00007f5ae66739dc method=org.objectweb.asm.ClassWriter.toByteArray()[B @ 359
Event: 24.523 Thread 0x00007f5af4008000 Uncommon trap: reason=unstable_if action=reinterpret pc=0x00007f5ae5bebae0 method=org.objectweb.asm.Type.getArgumentsAndReturnSizes(Ljava/lang/String;)I @ 130

Internal exceptions (10 events):
Event: 17.803 Thread 0x00007f5af4008000 Exception <a 'java/io/FileNotFoundException'> (0x000000078bc5e688) thrown at [/HUDSON/workspace/8-2-build-linux-amd64/jdk8u131/8869/hotspot/src/share/vm/prims/jni.cpp, line 709]
Event: 17.998 Thread 0x00007f5af4008000 Exception <a 'java/io/FileNotFoundException'> (0x000000078c4a09b0) thrown at [/HUDSON/workspace/8-2-build-linux-amd64/jdk8u131/8869/hotspot/src/share/vm/prims/jni.cpp, line 709]
Event: 18.005 Thread 0x00007f5af4008000 Exception <a 'java/io/FileNotFoundException'> (0x000000078c4d80c8) thrown at [/HUDSON/workspace/8-2-build-linux-amd64/jdk8u131/8869/hotspot/src/share/vm/prims/jni.cpp, line 709]
Event: 18.020 Thread 0x00007f5af4008000 Exception <a 'java/io/FileNotFoundException'> (0x000000078c584200) thrown at [/HUDSON/workspace/8-2-build-linux-amd64/jdk8u131/8869/hotspot/src/share/vm/prims/jni.cpp, line 709]
Event: 18.057 Thread 0x00007f5af4008000 Exception <a 'java/io/FileNotFoundException'> (0x000000078c798ff8) thrown at [/HUDSON/workspace/8-2-build-linux-amd64/jdk8u131/8869/hotspot/src/share/vm/prims/jni.cpp, line 709]
Event: 19.799 Thread 0x00007f5af4008000 Exception <a 'java/io/FileNotFoundException'> (0x00000007917694a0) thrown at [/HUDSON/workspace/8-2-build-linux-amd64/jdk8u131/8869/hotspot/src/share/vm/prims/jni.cpp, line 709]
Event: 19.799 Thread 0x00007f5af4008000 Exception <a 'java/io/FileNotFoundException'> (0x000000079176a6e8) thrown at [/HUDSON/workspace/8-2-build-linux-amd64/jdk8u131/8869/hotspot/src/share/vm/prims/jni.cpp, line 709]
Event: 22.354 Thread 0x00007f5af4008000 Exception <a 'java/io/FileNotFoundException'> (0x0000000789ba22e0) thrown at [/HUDSON/workspace/8-2-build-linux-amd64/jdk8u131/8869/hotspot/src/share/vm/prims/jni.cpp, line 709]
Event: 22.361 Thread 0x00007f5af4008000 Exception <a 'java/io/FileNotFoundException'> (0x0000000789ba3528) thrown at [/HUDSON/workspace/8-2-build-linux-amd64/jdk8u131/8869/hotspot/src/share/vm/prims/jni.cpp, line 709]
Event: 22.836 Thread 0x00007f5af4008000 Implicit null exception at 0x00007f5ae5aa0d34 to 0x00007f5ae5aa3b01

Events (10 events):
Event: 25.794 Thread 0x00007f5af40b7800 flushing nmethod 0x00007f5ae6058e90
Event: 25.794 Thread 0x00007f5af40b7800 flushing nmethod 0x00007f5ae6059310
Event: 25.794 Thread 0x00007f5af40b7800 flushing nmethod 0x00007f5ae6059790
Event: 25.794 Thread 0x00007f5af40b7800 flushing nmethod 0x00007f5ae6059c10
Event: 25.794 Thread 0x00007f5af40b7800 flushing nmethod 0x00007f5ae6062850
Event: 25.796 Thread 0x00007f5af40b7800 flushing nmethod 0x00007f5ae6243510
Event: 25.796 Thread 0x00007f5af40b7800 flushing nmethod 0x00007f5ae6245810
Event: 25.799 Thread 0x00007f5af40b7800 flushing nmethod 0x00007f5ae64b5f10
Event: 25.799 Thread 0x00007f5af40b7800 flushing nmethod 0x00007f5ae64ba410
Event: 25.944 Executing VM operation: ParallelGCFailedAllocation


Dynamic libraries:
00400000-00401000 r-xp 00000000 fd:00 532899                             /opt/jdk1.8.0_131/bin/java
00600000-00601000 rw-p 00000000 fd:00 532899                             /opt/jdk1.8.0_131/bin/java
01598000-015b9000 rw-p 00000000 00:00 0                                  [heap]
706600000-70f100000 rw-p 00000000 00:00 0 
70f100000-782200000 ---p 00000000 00:00 0 
782200000-7aef00000 rw-p 00000000 00:00 0 
7b7f00000-7c0000000 ---p 00000000 00:00 0 
7c0000000-7c0460000 rw-p 00000000 00:00 0 
7c0460000-800000000 ---p 00000000 00:00 0 
7f5a78000000-7f5a78021000 rw-p 00000000 00:00 0 
7f5a78021000-7f5a7c000000 ---p 00000000 00:00 0 
7f5a7c000000-7f5a7c021000 rw-p 00000000 00:00 0 
7f5a7c021000-7f5a80000000 ---p 00000000 00:00 0 
7f5a80000000-7f5a80021000 rw-p 00000000 00:00 0 
7f5a80021000-7f5a84000000 ---p 00000000 00:00 0 
7f5a84000000-7f5a84021000 rw-p 00000000 00:00 0 
7f5a84021000-7f5a88000000 ---p 00000000 00:00 0 
7f5a88000000-7f5a88021000 rw-p 00000000 00:00 0 
7f5a88021000-7f5a8c000000 ---p 00000000 00:00 0 
7f5a8c000000-7f5a8c021000 rw-p 00000000 00:00 0 
7f5a8c021000-7f5a90000000 ---p 00000000 00:00 0 
7f5a90000000-7f5a90021000 rw-p 00000000 00:00 0 
7f5a90021000-7f5a94000000 ---p 00000000 00:00 0 
7f5a94000000-7f5a94021000 rw-p 00000000 00:00 0 
7f5a94021000-7f5a98000000 ---p 00000000 00:00 0 
7f5a98000000-7f5a98021000 rw-p 00000000 00:00 0 
7f5a98021000-7f5a9c000000 ---p 00000000 00:00 0 
7f5a9c000000-7f5a9c021000 rw-p 00000000 00:00 0 
7f5a9c021000-7f5aa0000000 ---p 00000000 00:00 0 
7f5aa0000000-7f5aa1d86000 rw-p 00000000 00:00 0 
7f5aa1d86000-7f5aa4000000 ---p 00000000 00:00 0 
7f5aa4000000-7f5aa551f000 rw-p 00000000 00:00 0 
7f5aa551f000-7f5aa8000000 ---p 00000000 00:00 0 
7f5aa8000000-7f5aa9d1f000 rw-p 00000000 00:00 0 
7f5aa9d1f000-7f5aac000000 ---p 00000000 00:00 0 
7f5aad68d000-7f5ab4000000 r--p 00000000 fd:00 1841878                    /usr/lib/locale/locale-archive
7f5ab4000000-7f5ab4021000 rw-p 00000000 00:00 0 
7f5ab4021000-7f5ab8000000 ---p 00000000 00:00 0 
7f5ab8000000-7f5ab8021000 rw-p 00000000 00:00 0 
7f5ab8021000-7f5abc000000 ---p 00000000 00:00 0 
7f5abc000000-7f5abc021000 rw-p 00000000 00:00 0 
7f5abc021000-7f5ac0000000 ---p 00000000 00:00 0 
7f5ac2330000-7f5ac8000000 rw-p 00000000 00:00 0 
7f5ac8000000-7f5ac8021000 rw-p 00000000 00:00 0 
7f5ac8021000-7f5acc000000 ---p 00000000 00:00 0 
7f5acc000000-7f5acc290000 rw-p 00000000 00:00 0 
7f5acc290000-7f5ad0000000 ---p 00000000 00:00 0 
7f5ad0000000-7f5ad0021000 rw-p 00000000 00:00 0 
7f5ad0021000-7f5ad4000000 ---p 00000000 00:00 0 
7f5ad76d1000-7f5ad76db000 r--s 000a5000 fd:02 4403                       /home/liam/.m2/repository/org/javassist/javassist/3.18.1-GA/javassist-3.18.1-GA.jar
7f5ad76db000-7f5ad76dc000 r--s 00002000 fd:02 4402                       /home/liam/.m2/repository/org/slf4j/slf4j-simple/1.7.7/slf4j-simple-1.7.7.jar
7f5ad76dc000-7f5ad76e0000 r--s 0002a000 fd:02 4398                       /home/liam/.m2/repository/commons-io/commons-io/2.4/commons-io-2.4.jar
7f5ad76e0000-7f5ad76e4000 r--s 00014000 fd:02 4395                       /home/liam/.m2/repository/org/tukaani/xz/1.2/xz-1.2.jar
7f5ad76e4000-7f5ad76e9000 r--s 0003a000 fd:02 4394                       /home/liam/.m2/repository/org/apache/commons/commons-compress/1.5/commons-compress-1.5.jar
7f5ad76e9000-7f5ad76ec000 r--s 0000c000 fd:02 4392                       /home/liam/.m2/repository/org/codehaus/plexus/plexus-io/2.0.10/plexus-io-2.0.10.jar
7f5ad76ec000-7f5ad76f1000 r--s 00024000 fd:02 4390                       /home/liam/.m2/repository/org/codehaus/plexus/plexus-archiver/2.4.4/plexus-archiver-2.4.4.jar
7f5ad76f1000-7f5ad76f7000 r--s 00042000 fd:02 4363                       /home/liam/.m2/repository/org/eclipse/sisu/org.eclipse.sisu.inject/0.0.0.M5/org.eclipse.sisu.inject-0.0.0.M5.jar
7f5ad76f7000-7f5ad76ff000 r--s 00050000 fd:02 4362                       /home/liam/.m2/repository/org/sonatype/sisu/sisu-guice/3.1.0/sisu-guice-3.1.0-no_aop.jar
7f5ad76ff000-7f5ad7869000 rw-p 00000000 00:00 0 
7f5ad7869000-7f5ad78ff000 ---p 00000000 00:00 0 
7f5ad78ff000-7f5ad7aff000 rw-p 00000000 00:00 0 
7f5ad7aff000-7f5ad7cff000 rw-p 00000000 00:00 0 
7f5ad7cff000-7f5ad7eff000 rw-p 00000000 00:00 0 
7f5ad7eff000-7f5ad7f02000 ---p 00000000 00:00 0 
7f5ad7f02000-7f5ad8000000 rw-p 00000000 00:00 0 
7f5ad8000000-7f5ad8021000 rw-p 00000000 00:00 0 
7f5ad8021000-7f5adc000000 ---p 00000000 00:00 0 
7f5adc000000-7f5adc004000 r--s 0003a000 fd:02 4388                       /home/liam/.m2/repository/org/codehaus/plexus/plexus-utils/3.0.17/plexus-utils-3.0.17.jar
7f5adc004000-7f5adc005000 r--s 0000e000 fd:02 4378                       /home/liam/.m2/repository/org/apache/maven/maven-aether-provider/3.2.1/maven-aether-provider-3.2.1.jar
7f5adc005000-7f5adc007000 r--s 00000000 fd:02 4327                       /home/liam/.m2/repository/aopalliance/aopalliance/1.0/aopalliance-1.0.jar
7f5adc007000-7f5adc025000 r--s 00151000 fd:02 4409                       /home/liam/.m2/repository/com/google/guava/guava/10.0.1/guava-10.0.1.jar
7f5adc025000-7f5adc026000 r--s 00001000 fd:02 4361                       /home/liam/.m2/repository/javax/annotation/jsr250-api/1.0/jsr250-api-1.0.jar
7f5adc026000-7f5adc029000 r--s 00008000 fd:02 4359                       /home/liam/.m2/repository/javax/enterprise/cdi-api/1.0/cdi-api-1.0.jar
7f5adc029000-7f5adc02d000 r--s 0003c000 fd:02 3221                       /home/liam/.m2/repository/com/fasterxml/jackson/core/jackson-core/2.6.7/jackson-core-2.6.7.jar
7f5adc02d000-7f5adc030000 r--s 00009000 fd:02 3223                       /home/liam/.m2/repository/com/fasterxml/jackson/core/jackson-annotations/2.6.0/jackson-annotations-2.6.0.jar
7f5adc030000-7f5adc041000 r--s 0010d000 fd:02 3217                       /home/liam/.m2/repository/com/fasterxml/jackson/core/jackson-databind/2.6.7/jackson-databind-2.6.7.jar
7f5adc041000-7f5adc043000 r--s 00006000 fd:02 3215                       /home/liam/.m2/repository/com/bugsnag/bugsnag/3.0.0/bugsnag-3.0.0.jar
7f5adc043000-7f5adc048000 r--s 00034000 fd:02 2272                       /home/liam/.m2/repository/com/google/code/gson/gson/2.8.0/gson-2.8.0.jar
7f5adc048000-7f5adc04a000 r--s 00011000 fd:02 2270                       /home/liam/.m2/repository/com/squareup/okio/okio/1.9.0/okio-1.9.0.jar
7f5adc04a000-7f5adc050000 r--s 0004f000 fd:02 2268                       /home/liam/.m2/repository/com/squareup/okhttp3/okhttp/3.4.2/okhttp-3.4.2.jar
7f5adc050000-7f5adc053000 r--s 00010000 fd:00 1048781                    /var/www/html/Plugins/BuycraftX/common/target/buycraftx-common-10.2.2.jar
7f5adc053000-7f5adc055000 r--s 00011000 fd:00 1048867                    /var/www/html/Plugins/BuycraftX/plugin-shared/target/buycraftx-plugin-shared-10.2.2.jar
7f5adc055000-7f5adc057000 r--s 00006000 fd:02 3855                       /home/liam/.m2/repository/de/icongmbh/oss/maven/plugins/javassist-maven-plugin/1.1.0/javassist-maven-plugin-1.1.0.jar
7f5adc057000-7f5adc05a000 r--s 00006000 fd:02 3696                       /home/liam/.m2/repository/com/google/code/findbugs/jsr305/1.3.9/jsr305-1.3.9.jar
7f5adc05a000-7f5adc07b000 r--s 00172000 fd:02 3695                       /home/liam/.m2/repository/com/google/guava/guava/11.0.2/guava-11.0.2.jar
7f5adc07b000-7f5adc07c000 r--s 0000a000 fd:02 3694                       /home/liam/.m2/repository/org/ow2/asm/asm-util/5.0.3/asm-util-5.0.3.jar
7f5adc07c000-7f5adc07d000 r--s 00004000 fd:02 3692                       /home/liam/.m2/repository/org/ow2/asm/asm-analysis/5.0.3/asm-analysis-5.0.3.jar
7f5adc07d000-7f5adc07f000 r--s 00004000 fd:02 3687                       /home/liam/.m2/repository/org/vafer/jdependency/1.0/jdependency-1.0.jar
7f5adc07f000-7f5adc083000 r--s 00027000 fd:02 3629                       /home/liam/.m2/repository/commons-io/commons-io/2.2/commons-io-2.2.jar
7f5adc083000-7f5adc087000 r--s 0001d000 fd:02 3686                       /home/liam/.m2/repository/org/eclipse/aether/aether-util/0.9.0.M2/aether-util-0.9.0.M2.jar
7f5adc087000-7f5adc08a000 r--s 0000d000 fd:02 3684                       /home/liam/.m2/repository/org/apache/maven/shared/maven-dependency-tree/2.2/maven-dependency-tree-2.2.jar
7f5adc08a000-7f5adc08d000 r--s 00023000 fd:02 3680                       /home/liam/.m2/repository/org/jdom/jdom/1.1/jdom-1.1.jar
7f5adc08d000-7f5adc08f000 r--s 00006000 fd:02 3678                       /home/liam/.m2/repository/org/ow2/asm/asm-tree/5.0.2/asm-tree-5.0.2.jar
7f5adc08f000-7f5adc091000 r--s 00009000 fd:02 3676                       /home/liam/.m2/repository/org/ow2/asm/asm-commons/5.0.2/asm-commons-5.0.2.jar
7f5adc091000-7f5adc092000 r--s 0000c000 fd:02 3674                       /home/liam/.m2/repository/org/ow2/asm/asm/5.0.2/asm-5.0.2.jar
7f5adc092000-7f5adc096000 r--s 00038000 fd:02 3672                       /home/liam/.m2/repository/org/codehaus/plexus/plexus-utils/3.0.22/plexus-utils-3.0.22.jar
7f5adc096000-7f5adc098000 r--s 00002000 fd:02 3666                       /home/liam/.m2/repository/org/sonatype/plexus/plexus-cipher/1.4/plexus-cipher-1.4.jar
7f5adc098000-7f5adc09b000 ---p 00000000 00:00 0 
7f5adc09b000-7f5adc199000 rw-p 00000000 00:00 0 
7f5adc199000-7f5adc19c000 ---p 00000000 00:00 0 
7f5adc19c000-7f5adc1d2000 rw-p 00000000 00:00 0 
7f5adc1d2000-7f5adc1d5000 ---p 00000000 00:00 0 
7f5adc1d5000-7f5adc2d3000 rw-p 00000000 00:00 0 
7f5adc2d3000-7f5adc2d6000 ---p 00000000 00:00 0 
7f5adc2d6000-7f5adc3d4000 rw-p 00000000 00:00 0 
7f5adc3d4000-7f5adc3d7000 ---p 00000000 00:00 0 
7f5adc3d7000-7f5adc4d5000 rw-p 00000000 00:00 0 
7f5adc4d5000-7f5adc4d8000 ---p 00000000 00:00 0 
7f5adc4d8000-7f5adc7d6000 rw-p 00000000 00:00 0 
7f5adc7d6000-7f5adc9d6000 rw-p 00000000 00:00 0 
7f5adc9d6000-7f5adcbd6000 rw-p 00000000 00:00 0 
7f5adcbd6000-7f5adcdd6000 rw-p 00000000 00:00 0 
7f5adcdd6000-7f5adcfd6000 rw-p 00000000 00:00 0 
7f5adcfd6000-7f5adcfd8000 r--s 0000d000 fd:02 3658                       /home/liam/.m2/repository/org/codehaus/plexus/plexus-interpolation/1.14/plexus-interpolation-1.14.jar
7f5adcfd8000-7f5adcfdc000 r--s 00017000 fd:02 3657                       /home/liam/.m2/repository/org/sonatype/aether/aether-util/1.7/aether-util-1.7.jar
7f5adcfdc000-7f5adcfe7000 r--s 00069000 fd:02 3633                       /home/liam/.m2/repository/org/sonatype/sisu/sisu-guice/2.1.7/sisu-guice-2.1.7-noaop.jar
7f5adcfe7000-7f5adcfea000 ---p 00000000 00:00 0 
7f5adcfea000-7f5add0e8000 rw-p 00000000 00:00 0 
7f5add0e8000-7f5add0fb000 r--s 00345000 fd:00 791944                     /opt/jdk1.8.0_131/jre/lib/resources.jar
7f5add0fb000-7f5add0fc000 r--p 00000000 fd:00 3148075                    /usr/share/locale/en_GB/LC_MESSAGES/libc.mo
7f5add0fc000-7f5add111000 r--s 00137000 fd:02 2282                       /home/liam/.m2/repository/org/projectlombok/lombok/1.16.4/lombok-1.16.4.jar
7f5add111000-7f5add112000 r--s 00006000 fd:02 3664                       /home/liam/.m2/repository/org/sonatype/plexus/plexus-sec-dispatcher/1.3/plexus-sec-dispatcher-1.3.jar
7f5add112000-7f5add114000 r--s 0000b000 fd:02 3649                       /home/liam/.m2/repository/org/apache/maven/maven-aether-provider/3.0/maven-aether-provider-3.0.jar
7f5add114000-7f5add119000 r--s 00021000 fd:02 3630                       /home/liam/.m2/repository/org/sonatype/sisu/sisu-inject-bean/1.4.2/sisu-inject-bean-1.4.2.jar
7f5add119000-7f5add11c000 r--s 00017000 fd:02 3242                       /home/liam/.m2/repository/org/apache/maven/plugins/maven-shade-plugin/2.4/maven-shade-plugin-2.4.jar
7f5add11c000-7f5add120000 r--s 0002f000 fd:02 3135                       /home/liam/.m2/repository/commons-lang/commons-lang/2.1/commons-lang-2.1.jar
7f5add120000-7f5add123000 r--s 0000c000 fd:02 3131                       /home/liam/.m2/repository/org/codehaus/plexus/plexus-io/2.0.2/plexus-io-2.0.2.jar
7f5add123000-7f5add128000 r--s 00029000 fd:02 3129                       /home/liam/.m2/repository/org/codehaus/plexus/plexus-archiver/2.1/plexus-archiver-2.1.jar
7f5add128000-7f5add12a000 r--s 0000d000 fd:02 3127                       /home/liam/.m2/repository/org/codehaus/plexus/plexus-interpolation/1.15/plexus-interpolation-1.15.jar
7f5add12a000-7f5add12c000 r--s 00004000 fd:02 3125                       /home/liam/.m2/repository/org/apache/maven/maven-archiver/2.5/maven-archiver-2.5.jar
7f5add12c000-7f5add12e000 r--s 00007000 fd:02 2168                       /home/liam/.m2/repository/org/apache/maven/plugins/maven-jar-plugin/2.4/maven-jar-plugin-2.4.jar
7f5add12e000-7f5add130000 r--s 00002000 fd:02 3077                       /home/liam/.m2/repository/org/apache/maven/plugin-tools/maven-plugin-annotations/3.1/maven-plugin-annotations-3.1.jar
7f5add130000-7f5add131000 r--s 00002000 fd:02 3072                       /home/liam/.m2/repository/org/apache/maven/reporting/maven-reporting-api/2.0.9/maven-reporting-api-2.0.9.jar
7f5add131000-7f5add135000 r--s 00035000 fd:02 3070                       /home/liam/.m2/repository/org/codehaus/plexus/plexus-utils/3.0.8/plexus-utils-3.0.8.jar
7f5add135000-7f5add137000 r--s 00006000 fd:02 3066                       /home/liam/.m2/repository/org/apache/maven/shared/maven-common-artifact-filters/1.3/maven-common-artifact-filters-1.3.jar
7f5add137000-7f5add13d000 r--s 00048000 fd:02 3068                       /home/liam/.m2/repository/org/apache/commons/commons-lang3/3.1/commons-lang3-3.1.jar
7f5add13d000-7f5add142000 r--s 0003c000 fd:02 3064                       /home/liam/.m2/repository/org/apache/maven/surefire/maven-surefire-common/2.12.4/maven-surefire-common-2.12.4.jar
7f5add142000-7f5add146000 r--s 00019000 fd:02 3062                       /home/liam/.m2/repository/org/apache/maven/surefire/surefire-api/2.12.4/surefire-api-2.12.4.jar
7f5add146000-7f5add148000 r--s 00007000 fd:02 3060                       /home/liam/.m2/repository/org/apache/maven/surefire/surefire-booter/2.12.4/surefire-booter-2.12.4.jar
7f5add148000-7f5add149000 r--s 00007000 fd:02 2161                       /home/liam/.m2/repository/org/apache/maven/plugins/maven-surefire-plugin/2.12.4/maven-surefire-plugin-2.12.4.jar
7f5add149000-7f5add1c3000 r--s 010f6000 fd:00 533006                     /opt/jdk1.8.0_131/lib/tools.jar
7f5add1c3000-7f5add1c6000 r--s 0001b000 fd:02 2980                       /home/liam/.m2/repository/junit/junit/3.8.2/junit-3.8.2.jar
7f5add1c6000-7f5add1d4000 r--s 0008f000 fd:02 2976                       /home/liam/.m2/repository/com/google/collections/google-collections/1.0/google-collections-1.0.jar
7f5add1d4000-7f5add1d5000 r--s 0000a000 fd:02 2974                       /home/liam/.m2/repository/commons-logging/commons-logging-api/1.1/commons-logging-api-1.1.jar
7f5add1d5000-7f5add1dc000 r--s 00051000 fd:02 2973                       /home/liam/.m2/repository/log4j/log4j/1.2.12/log4j-1.2.12.jar
7f5add1dc000-7f5add1e0000 r--s 0001d000 fd:02 2971                       /home/liam/.m2/repository/org/apache/xbean/xbean-reflect/3.4/xbean-reflect-3.4.jar
7f5add1e0000-7f5add1e1000 r--s 00004000 fd:02 2967                       /home/liam/.m2/repository/org/codehaus/plexus/plexus-compiler-javac/2.4/plexus-compiler-javac-2.4.jar
7f5add1e1000-7f5add1e3000 r--s 00000000 fd:02 2966                       /home/liam/.m2/repository/org/codehaus/plexus/plexus-compiler-manager/2.4/plexus-compiler-manager-2.4.jar
7f5add1e3000-7f5add1e5000 r--s 00005000 fd:02 2960                       /home/liam/.m2/repository/org/codehaus/plexus/plexus-compiler-api/2.4/plexus-compiler-api-2.4.jar
7f5add1e5000-7f5add1e7000 r--s 00000000 fd:02 2959                       /home/liam/.m2/repository/org/codehaus/plexus/plexus-component-annotations/1.5.5/plexus-component-annotations-1.5.5.jar
7f5add1e7000-7f5add1e9000 r--s 00002000 fd:02 2958                       /home/liam/.m2/repository/org/apache/maven/shared/maven-shared-incremental/1.1/maven-shared-incremental-1.1.jar
7f5add1e9000-7f5add1eb000 r--s 00006000 fd:02 2957                       /home/liam/.m2/repository/com/google/code/findbugs/jsr305/2.0.1/jsr305-2.0.1.jar
7f5add1eb000-7f5add1ee000 r--s 00023000 fd:02 2954                       /home/liam/.m2/repository/org/apache/maven/shared/maven-shared-utils/0.1/maven-shared-utils-0.1.jar
7f5add1ee000-7f5add1f2000 r--s 00030000 fd:02 2924                       /home/liam/.m2/repository/org/codehaus/plexus/plexus-utils/1.5.1/plexus-utils-1.5.1.jar
7f5add1f2000-7f5add1f4000 r--s 0000a000 fd:02 2148                       /home/liam/.m2/repository/org/apache/maven/plugins/maven-compiler-plugin/3.2/maven-compiler-plugin-3.2.jar
7f5add1f4000-7f5add1f6000 r--s 0000d000 fd:02 2578                       /home/liam/.m2/repository/org/codehaus/plexus/plexus-interpolation/1.13/plexus-interpolation-1.13.jar
7f5add1f6000-7f5add1f7000 r--s 00001000 fd:02 2573                       /home/liam/.m2/repository/org/sonatype/plexus/plexus-build-api/0.0.4/plexus-build-api-0.0.4.jar
7f5add1f7000-7f5add1f9000 r--s 00009000 fd:02 2572                       /home/liam/.m2/repository/org/apache/maven/shared/maven-filtering/1.1/maven-filtering-1.1.jar
7f5add1f9000-7f5add1fd000 r--s 00033000 fd:02 2571                       /home/liam/.m2/repository/org/codehaus/plexus/plexus-utils/2.0.5/plexus-utils-2.0.5.jar
7f5add1fd000-7f5add200000 r--s 0001b000 fd:02 2569                       /home/liam/.m2/repository/junit/junit/3.8.1/junit-3.8.1.jar
7f5add200000-7f5add202000 r--s 00002000 fd:02 2555                       /home/liam/.m2/repository/org/codehaus/plexus/plexus-interactivity-api/1.0-alpha-4/plexus-interactivity-api-1.0-alpha-4.jar
7f5add202000-7f5add204000 r--s 00006000 fd:02 2550                       /home/liam/.m2/repository/commons-cli/commons-cli/1.0/commons-cli-1.0.jar
7f5add204000-7f5add205000 r--s 00001000 fd:02 2545                       /home/liam/.m2/repository/org/apache/maven/doxia/doxia-sink-api/1.0-alpha-7/doxia-sink-api-1.0-alpha-7.jar
7f5add205000-7f5add206000 r--s 00002000 fd:02 2544                       /home/liam/.m2/repository/org/apache/maven/reporting/maven-reporting-api/2.0.6/maven-reporting-api-2.0.6.jar
7f5add206000-7f5add208000 r--s 00006000 fd:02 2129                       /home/liam/.m2/repository/org/apache/maven/plugins/maven-resources-plugin/2.6/maven-resources-plugin-2.6.jar
7f5add208000-7f5add20c000 r--s 00034000 fd:02 2321                       /home/liam/.m2/repository/org/codehaus/plexus/plexus-utils/3.0/plexus-utils-3.0.jar
7f5add20c000-7f5add20e000 r--s 00005000 fd:02 2110                       /home/liam/.m2/repository/org/apache/maven/plugins/maven-clean-plugin/2.5/maven-clean-plugin-2.5.jar
7f5add20e000-7f5add21f000 r-xp 00000000 fd:00 792118                     /opt/jdk1.8.0_131/jre/lib/amd64/libnio.so
7f5add21f000-7f5add41e000 ---p 00011000 fd:00 792118                     /opt/jdk1.8.0_131/jre/lib/amd64/libnio.so
7f5add41e000-7f5add41f000 rw-p 00010000 fd:00 792118                     /opt/jdk1.8.0_131/jre/lib/amd64/libnio.so
7f5add41f000-7f5add435000 r-xp 00000000 fd:00 792115                     /opt/jdk1.8.0_131/jre/lib/amd64/libnet.so
7f5add435000-7f5add635000 ---p 00016000 fd:00 792115                     /opt/jdk1.8.0_131/jre/lib/amd64/libnet.so
7f5add635000-7f5add636000 rw-p 00016000 fd:00 792115                     /opt/jdk1.8.0_131/jre/lib/amd64/libnet.so
7f5add636000-7f5add836000 rw-p 00000000 00:00 0 
7f5add836000-7f5add83b000 r--s 0009a000 fd:00 791958                     /opt/jdk1.8.0_131/jre/lib/jsse.jar
7f5add83b000-7f5adda3b000 rw-p 00000000 00:00 0 
7f5adda3b000-7f5addc3b000 rw-p 00000000 00:00 0 
7f5addc3b000-7f5addc42000 r--s 00056000 fd:00 532494                     /opt/apache-maven-3.5.0/lib/org.eclipse.sisu.inject-0.3.3.jar
7f5addc42000-7f5addc43000 r--s 00006000 fd:00 532487                     /opt/apache-maven-3.5.0/lib/maven-repository-metadata-3.5.0.jar
7f5addc43000-7f5addc4c000 r--s 0005f000 fd:00 532504                     /opt/apache-maven-3.5.0/lib/guice-4.0-no_aop.jar
7f5addc4c000-7f5addc4e000 r-xp 00000000 fd:00 532454                     /opt/apache-maven-3.5.0/lib/jansi-native/linux64/libjansi.so
7f5addc4e000-7f5adde4d000 ---p 00002000 fd:00 532454                     /opt/apache-maven-3.5.0/lib/jansi-native/linux64/libjansi.so
7f5adde4d000-7f5adde4e000 rw-p 00001000 fd:00 532454                     /opt/apache-maven-3.5.0/lib/jansi-native/linux64/libjansi.so
7f5adde4e000-7f5adde4f000 r--s 00003000 fd:00 532482                     /opt/apache-maven-3.5.0/lib/maven-builder-support-3.5.0.jar
7f5adde4f000-7f5adde57000 r--s 0006e000 fd:00 532480                     /opt/apache-maven-3.5.0/lib/commons-lang3-3.5.jar
7f5adde57000-7f5adde59000 r--s 00002000 fd:00 532486                     /opt/apache-maven-3.5.0/lib/plexus-cipher-1.7.jar
7f5adde59000-7f5adde5a000 r--s 00001000 fd:00 532492                     /opt/apache-maven-3.5.0/lib/jsr250-api-1.0.jar
7f5adde5a000-7f5adde5c000 r--s 0000a000 fd:00 532489                     /opt/apache-maven-3.5.0/lib/maven-plugin-api-3.5.0.jar
7f5adde5c000-7f5adde5e000 r--s 0000c000 fd:00 532509                     /opt/apache-maven-3.5.0/lib/commons-cli-1.4.jar
7f5adde5e000-7f5adde62000 r--s 0002f000 fd:00 532503                     /opt/apache-maven-3.5.0/lib/commons-io-2.5.jar
7f5adde62000-7f5adde66000 r--s 00020000 fd:00 532498                     /opt/apache-maven-3.5.0/lib/maven-resolver-api-1.0.3.jar
7f5adde66000-7f5adde73000 r--s 0008c000 fd:00 532478                     /opt/apache-maven-3.5.0/lib/maven-core-3.5.0.jar
7f5adde73000-7f5adde9f000 r--s 001e6000 fd:00 532510                     /opt/apache-maven-3.5.0/lib/wagon-http-2.12-shaded.jar
7f5adde9f000-7f5addece000 r--s 00226000 fd:00 532496                     /opt/apache-maven-3.5.0/lib/guava-20.0.jar
7f5addece000-7f5addecf000 ---p 00000000 00:00 0 
7f5addecf000-7f5addfcf000 rw-p 00000000 00:00 0 
7f5addfcf000-7f5addfd2000 ---p 00000000 00:00 0 
7f5addfd2000-7f5ade0d0000 rw-p 00000000 00:00 0 
7f5ade0d0000-7f5ade0d3000 ---p 00000000 00:00 0 
7f5ade0d3000-7f5ade1d1000 rw-p 00000000 00:00 0 
7f5ade1d1000-7f5ade1d4000 ---p 00000000 00:00 0 
7f5ade1d4000-7f5ade2d2000 rw-p 00000000 00:00 0 
7f5ade2d2000-7f5ade2d5000 ---p 00000000 00:00 0 
7f5ade2d5000-7f5ade3d3000 rw-p 00000000 00:00 0 
7f5ade3d3000-7f5ade3d6000 ---p 00000000 00:00 0 
7f5ade3d6000-7f5ade4d4000 rw-p 00000000 00:00 0 
7f5ade4d4000-7f5ade4d7000 ---p 00000000 00:00 0 
7f5ade4d7000-7f5ade5d5000 rw-p 00000000 00:00 0 
7f5ade5d5000-7f5ade5d8000 ---p 00000000 00:00 0 
7f5ade5d8000-7f5ade6d6000 rw-p 00000000 00:00 0 
7f5ade6d6000-7f5ade6d7000 ---p 00000000 00:00 0 
7f5ade6d7000-7f5adf627000 rw-p 00000000 00:00 0 
7f5adf627000-7f5adf800000 r--s 03d40000 fd:00 791906                     /opt/jdk1.8.0_131/jre/lib/rt.jar
7f5adf800000-7f5ae0000000 rw-p 00000000 00:00 0 
7f5ae0000000-7f5ae0021000 rw-p 00000000 00:00 0 
7f5ae0021000-7f5ae4000000 ---p 00000000 00:00 0 
7f5ae4000000-7f5ae4002000 r--s 00006000 fd:00 532514                     /opt/apache-maven-3.5.0/lib/maven-resolver-transport-wagon-1.0.3.jar
7f5ae4002000-7f5ae4006000 r--s 00039000 fd:00 532477                     /opt/apache-maven-3.5.0/lib/plexus-utils-3.0.24.jar
7f5ae4006000-7f5ae4007000 r--s 00000000 fd:00 532493                     /opt/apache-maven-3.5.0/lib/javax.inject-1.jar
7f5ae4007000-7f5ae400a000 r--s 00008000 fd:00 532491                     /opt/apache-maven-3.5.0/lib/cdi-api-1.0.jar
7f5ae400a000-7f5ae400c000 r--s 0000f000 fd:00 532497                     /opt/apache-maven-3.5.0/lib/maven-resolver-provider-3.5.0.jar
7f5ae400c000-7f5ae4010000 r--s 00023000 fd:00 532500                     /opt/apache-maven-3.5.0/lib/maven-resolver-util-1.0.3.jar
7f5ae4010000-7f5ae4012000 r--s 00000000 fd:00 532484                     /opt/apache-maven-3.5.0/lib/plexus-component-annotations-1.7.1.jar
7f5ae4012000-7f5ae4018000 r--s 0002d000 fd:00 532490                     /opt/apache-maven-3.5.0/lib/org.eclipse.sisu.plexus-0.3.3.jar
7f5ae4018000-7f5ae401f000 r--s 00041000 fd:00 532506                     /opt/apache-maven-3.5.0/lib/maven-compat-3.5.0.jar
7f5ae401f000-7f5ae472f000 rw-p 00000000 00:00 0 
7f5ae472f000-7f5ae4730000 ---p 00000000 00:00 0 
7f5ae4730000-7f5ae4830000 rw-p 00000000 00:00 0 
7f5ae4830000-7f5ae4831000 ---p 00000000 00:00 0 
7f5ae4831000-7f5ae4931000 rw-p 00000000 00:00 0 
7f5ae4931000-7f5ae4932000 ---p 00000000 00:00 0 
7f5ae4932000-7f5ae4a78000 rw-p 00000000 00:00 0 
7f5ae4a78000-7f5ae4e10000 ---p 00000000 00:00 0 
7f5ae4e10000-7f5ae4f77000 rw-p 00000000 00:00 0 
7f5ae4f77000-7f5ae4fff000 ---p 00000000 00:00 0 
7f5ae4fff000-7f5ae5000000 rw-p 00000000 00:00 0 
7f5ae5000000-7f5ae6740000 rwxp 00000000 00:00 0 
7f5ae6740000-7f5af4000000 ---p 00000000 00:00 0 
7f5af4000000-7f5af5285000 rw-p 00000000 00:00 0 
7f5af5285000-7f5af8000000 ---p 00000000 00:00 0 
7f5af8000000-7f5af8001000 r--s 00004000 fd:00 532515                     /opt/apache-maven-3.5.0/lib/maven-slf4j-provider-3.5.0.jar
7f5af8001000-7f5af8003000 r--s 0000c000 fd:00 532507                     /opt/apache-maven-3.5.0/lib/wagon-provider-api-2.12.jar
7f5af8003000-7f5af8005000 r--s 00007000 fd:00 532499                     /opt/apache-maven-3.5.0/lib/maven-resolver-spi-1.0.3.jar
7f5af8005000-7f5af8007000 r--s 00009000 fd:00 532481                     /opt/apache-maven-3.5.0/lib/maven-settings-builder-3.5.0.jar
7f5af8007000-7f5af800c000 r--s 00027000 fd:00 532495                     /opt/apache-maven-3.5.0/lib/maven-model-builder-3.5.0.jar
7f5af800c000-7f5af800f000 r--s 00023000 fd:00 532516                     /opt/apache-maven-3.5.0/lib/jansi-1.13.jar
7f5af800f000-7f5af8011000 r--s 00009000 fd:00 532508                     /opt/apache-maven-3.5.0/lib/slf4j-api-1.7.22.jar
7f5af8011000-7f5af8015000 r--s 0002a000 fd:00 532501                     /opt/apache-maven-3.5.0/lib/maven-resolver-impl-1.0.3.jar
7f5af8015000-7f5af8017000 r--s 00009000 fd:00 532513                     /opt/apache-maven-3.5.0/lib/maven-resolver-connector-basic-1.0.3.jar
7f5af8017000-7f5af801a000 r--s 00015000 fd:00 532475                     /opt/apache-maven-3.5.0/lib/maven-embedder-3.5.0.jar
7f5af801a000-7f5af801d000 r--s 00026000 fd:00 532479                     /opt/apache-maven-3.5.0/lib/maven-model-3.5.0.jar
7f5af801d000-7f5af80e2000 rw-p 00000000 00:00 0 
7f5af80e2000-7f5af80e3000 ---p 00000000 00:00 0 
7f5af80e3000-7f5af8229000 rw-p 00000000 00:00 0 
7f5af8229000-7f5af85c1000 ---p 00000000 00:00 0 
7f5af85c1000-7f5af861e000 rw-p 00000000 00:00 0 
7f5af861e000-7f5af8981000 ---p 00000000 00:00 0 
7f5af8981000-7f5af899b000 r-xp 00000000 fd:00 792111                     /opt/jdk1.8.0_131/jre/lib/amd64/libzip.so
7f5af899b000-7f5af8b9b000 ---p 0001a000 fd:00 792111                     /opt/jdk1.8.0_131/jre/lib/amd64/libzip.so
7f5af8b9b000-7f5af8b9c000 rw-p 0001a000 fd:00 792111                     /opt/jdk1.8.0_131/jre/lib/amd64/libzip.so
7f5af8b9c000-7f5af8ba7000 r-xp 00000000 fd:00 1844607                    /usr/lib64/libnss_files-2.23.so
7f5af8ba7000-7f5af8da6000 ---p 0000b000 fd:00 1844607                    /usr/lib64/libnss_files-2.23.so
7f5af8da6000-7f5af8da7000 r--p 0000a000 fd:00 1844607                    /usr/lib64/libnss_files-2.23.so
7f5af8da7000-7f5af8da8000 rw-p 0000b000 fd:00 1844607                    /usr/lib64/libnss_files-2.23.so
7f5af8da8000-7f5af8dae000 rw-p 00000000 00:00 0 
7f5af8dae000-7f5af8dd9000 r-xp 00000000 fd:00 792105                     /opt/jdk1.8.0_131/jre/lib/amd64/libjava.so
7f5af8dd9000-7f5af8fd8000 ---p 0002b000 fd:00 792105                     /opt/jdk1.8.0_131/jre/lib/amd64/libjava.so
7f5af8fd8000-7f5af8fda000 rw-p 0002a000 fd:00 792105                     /opt/jdk1.8.0_131/jre/lib/amd64/libjava.so
7f5af8fda000-7f5af8fe7000 r-xp 00000000 fd:00 792110                     /opt/jdk1.8.0_131/jre/lib/amd64/libverify.so
7f5af8fe7000-7f5af91e6000 ---p 0000d000 fd:00 792110                     /opt/jdk1.8.0_131/jre/lib/amd64/libverify.so
7f5af91e6000-7f5af91e8000 rw-p 0000c000 fd:00 792110                     /opt/jdk1.8.0_131/jre/lib/amd64/libverify.so
7f5af91e8000-7f5af91ef000 r-xp 00000000 fd:00 1844749                    /usr/lib64/librt-2.23.so
7f5af91ef000-7f5af93ee000 ---p 00007000 fd:00 1844749                    /usr/lib64/librt-2.23.so
7f5af93ee000-7f5af93ef000 r--p 00006000 fd:00 1844749                    /usr/lib64/librt-2.23.so
7f5af93ef000-7f5af93f0000 rw-p 00007000 fd:00 1844749                    /usr/lib64/librt-2.23.so
7f5af93f0000-7f5af94f9000 r-xp 00000000 fd:00 1844528                    /usr/lib64/libm-2.23.so
7f5af94f9000-7f5af96f8000 ---p 00109000 fd:00 1844528                    /usr/lib64/libm-2.23.so
7f5af96f8000-7f5af96f9000 r--p 00108000 fd:00 1844528                    /usr/lib64/libm-2.23.so
7f5af96f9000-7f5af96fa000 rw-p 00109000 fd:00 1844528                    /usr/lib64/libm-2.23.so
7f5af96fa000-7f5afa3c9000 r-xp 00000000 fd:00 792088                     /opt/jdk1.8.0_131/jre/lib/amd64/server/libjvm.so
7f5afa3c9000-7f5afa5c9000 ---p 00ccf000 fd:00 792088                     /opt/jdk1.8.0_131/jre/lib/amd64/server/libjvm.so
7f5afa5c9000-7f5afa6a2000 rw-p 00ccf000 fd:00 792088                     /opt/jdk1.8.0_131/jre/lib/amd64/server/libjvm.so
7f5afa6a2000-7f5afa6ed000 rw-p 00000000 00:00 0 
7f5afa6ed000-7f5afa8a6000 r-xp 00000000 fd:00 1844100                    /usr/lib64/libc-2.23.so
7f5afa8a6000-7f5afaaa6000 ---p 001b9000 fd:00 1844100                    /usr/lib64/libc-2.23.so
7f5afaaa6000-7f5afaaaa000 r--p 001b9000 fd:00 1844100                    /usr/lib64/libc-2.23.so
7f5afaaaa000-7f5afaaac000 rw-p 001bd000 fd:00 1844100                    /usr/lib64/libc-2.23.so
7f5afaaac000-7f5afaab0000 rw-p 00000000 00:00 0 
7f5afaab0000-7f5afaab3000 r-xp 00000000 fd:00 1844192                    /usr/lib64/libdl-2.23.so
7f5afaab3000-7f5afacb2000 ---p 00003000 fd:00 1844192                    /usr/lib64/libdl-2.23.so
7f5afacb2000-7f5afacb3000 r--p 00002000 fd:00 1844192                    /usr/lib64/libdl-2.23.so
7f5afacb3000-7f5afacb4000 rw-p 00003000 fd:00 1844192                    /usr/lib64/libdl-2.23.so
7f5afacb4000-7f5afacc9000 r-xp 00000000 fd:00 791726                     /opt/jdk1.8.0_131/lib/amd64/jli/libjli.so
7f5afacc9000-7f5afaec9000 ---p 00015000 fd:00 791726                     /opt/jdk1.8.0_131/lib/amd64/jli/libjli.so
7f5afaec9000-7f5afaeca000 rw-p 00015000 fd:00 791726                     /opt/jdk1.8.0_131/lib/amd64/jli/libjli.so
7f5afaeca000-7f5afaee1000 r-xp 00000000 fd:00 1844699                    /usr/lib64/libpthread-2.23.so
7f5afaee1000-7f5afb0e0000 ---p 00017000 fd:00 1844699                    /usr/lib64/libpthread-2.23.so
7f5afb0e0000-7f5afb0e1000 r--p 00016000 fd:00 1844699                    /usr/lib64/libpthread-2.23.so
7f5afb0e1000-7f5afb0e2000 rw-p 00017000 fd:00 1844699                    /usr/lib64/libpthread-2.23.so
7f5afb0e2000-7f5afb0e6000 rw-p 00000000 00:00 0 
7f5afb0e6000-7f5afb109000 r-xp 00000000 fd:00 1843930                    /usr/lib64/ld-2.23.so
7f5afb109000-7f5afb10a000 r--s 00006000 fd:00 532485                     /opt/apache-maven-3.5.0/lib/plexus-sec-dispatcher-1.4.jar
7f5afb10a000-7f5afb10c000 r--s 00000000 fd:00 532505                     /opt/apache-maven-3.5.0/lib/aopalliance-1.0.jar
7f5afb10c000-7f5afb1eb000 rw-p 00000000 00:00 0 
7f5afb1eb000-7f5afb1ee000 ---p 00000000 00:00 0 
7f5afb1ee000-7f5afb2f0000 rw-p 00000000 00:00 0 
7f5afb2f0000-7f5afb2f1000 r--s 0000a000 fd:00 532476                     /opt/apache-maven-3.5.0/lib/maven-settings-3.5.0.jar
7f5afb2f1000-7f5afb2f2000 r--s 00002000 fd:00 532512                     /opt/apache-maven-3.5.0/lib/wagon-file-2.12.jar
7f5afb2f2000-7f5afb2f4000 r--s 0000c000 fd:00 532488                     /opt/apache-maven-3.5.0/lib/maven-artifact-3.5.0.jar
7f5afb2f4000-7f5afb2f7000 r--s 00011000 fd:00 532483                     /opt/apache-maven-3.5.0/lib/plexus-interpolation-1.24.jar
7f5afb2f7000-7f5afb2fa000 r--s 00025000 fd:00 532502                     /opt/apache-maven-3.5.0/lib/maven-shared-utils-3.1.0.jar
7f5afb2fa000-7f5afb2fc000 r--s 00003000 fd:00 532511                     /opt/apache-maven-3.5.0/lib/jcl-over-slf4j-1.7.22.jar
7f5afb2fc000-7f5afb2fe000 r--s 0000b000 fd:00 532474                     /opt/apache-maven-3.5.0/boot/plexus-classworlds-2.5.2.jar
7f5afb2fe000-7f5afb306000 rw-s 00000000 00:28 6101064                    /tmp/hsperfdata_liam/13070
7f5afb306000-7f5afb307000 rw-p 00000000 00:00 0 
7f5afb307000-7f5afb308000 ---p 00000000 00:00 0 
7f5afb308000-7f5afb309000 rw-p 00000000 00:00 0 
7f5afb309000-7f5afb30a000 r--p 00023000 fd:00 1843930                    /usr/lib64/ld-2.23.so
7f5afb30a000-7f5afb30b000 rw-p 00024000 fd:00 1843930                    /usr/lib64/ld-2.23.so
7f5afb30b000-7f5afb30c000 rw-p 00000000 00:00 0 
7fff4f168000-7fff4f189000 rw-p 00000000 00:00 0                          [stack]
7fff4f195000-7fff4f197000 r--p 00000000 00:00 0                          [vvar]
7fff4f197000-7fff4f199000 r-xp 00000000 00:00 0                          [vdso]
ffffffffff600000-ffffffffff601000 r-xp 00000000 00:00 0                  [vsyscall]

VM Arguments:
jvm_args: -Dclassworlds.conf=/opt/maven/bin/m2.conf -Dmaven.home=/opt/maven -Dmaven.multiModuleProjectDirectory=/var/www/html/Plugins/BuycraftX 
java_command: org.codehaus.plexus.classworlds.launcher.Launcher clean package
java_class_path (initial): /opt/maven/boot/plexus-classworlds-2.5.2.jar
Launcher Type: SUN_STANDARD

Environment Variables:
PATH=/opt/maven/bin:/usr/lib64/qt-3.3/bin:/opt/maven/bin:/usr/local/bin:/usr/local/sbin:/usr/bin:/usr/sbin:/home/liam/.local/bin:/home/liam/bin
USERNAME=liam
SHELL=/bin/bash
DISPLAY=:0

Signal Handlers:
SIGSEGV: [libjvm.so+0xac8af0], sa_mask[0]=11111111011111111101111111111110, sa_flags=SA_RESTART|SA_SIGINFO
SIGBUS: [libjvm.so+0xac8af0], sa_mask[0]=11111111011111111101111111111110, sa_flags=SA_RESTART|SA_SIGINFO
SIGFPE: [libjvm.so+0x921dd0], sa_mask[0]=11111111011111111101111111111110, sa_flags=SA_RESTART|SA_SIGINFO
SIGPIPE: [libjvm.so+0x921dd0], sa_mask[0]=11111111011111111101111111111110, sa_flags=SA_RESTART|SA_SIGINFO
SIGXFSZ: [libjvm.so+0x921dd0], sa_mask[0]=11111111011111111101111111111110, sa_flags=SA_RESTART|SA_SIGINFO
SIGILL: [libjvm.so+0x921dd0], sa_mask[0]=11111111011111111101111111111110, sa_flags=SA_RESTART|SA_SIGINFO
SIGUSR1: SIG_DFL, sa_mask[0]=00000000000000000000000000000000, sa_flags=none
SIGUSR2: [libjvm.so+0x923610], sa_mask[0]=00000000000000000000000000000000, sa_flags=SA_RESTART|SA_SIGINFO
SIGHUP: [libjvm.so+0x924a10], sa_mask[0]=11111111011111111101111111111110, sa_flags=SA_RESTART|SA_SIGINFO
SIGINT: [libjvm.so+0x924a10], sa_mask[0]=11111111011111111101111111111110, sa_flags=SA_RESTART|SA_SIGINFO
SIGTERM: [libjvm.so+0x924a10], sa_mask[0]=11111111011111111101111111111110, sa_flags=SA_RESTART|SA_SIGINFO
SIGQUIT: [libjvm.so+0x924a10], sa_mask[0]=11111111011111111101111111111110, sa_flags=SA_RESTART|SA_SIGINFO


---------------  S Y S T E M  ---------------

OS:Fedora release 24 (Twenty Four)

uname:Linux 4.7.9-200.fc24.x86_64 #1 SMP Thu Oct 20 14:26:16 UTC 2016 x86_64
libc:glibc 2.23 NPTL 2.23 
rlimit: STACK 8192k, CORE 0k, NPROC 46574, NOFILE 4096, AS infinity
load average:3.41 2.22 2.13

/proc/meminfo:
MemTotal:       12162352 kB
MemFree:          124020 kB
MemAvailable:      23020 kB
Buffers:             488 kB
Cached:          1237508 kB
SwapCached:        26632 kB
Active:          7636012 kB
Inactive:        1244064 kB
Active(anon):    7626512 kB
Inactive(anon):  1234856 kB
Active(file):       9500 kB
Inactive(file):     9208 kB
Unevictable:         144 kB
Mlocked:             144 kB
SwapTotal:       6094844 kB
SwapFree:              0 kB
Dirty:                 0 kB
Writeback:             8 kB
AnonPages:       7618856 kB
Mapped:          3291056 kB
Shmem:           1219192 kB
Slab:             226964 kB
SReclaimable:      94164 kB
SUnreclaim:       132800 kB
KernelStack:       19152 kB
PageTables:       127952 kB
NFS_Unstable:          0 kB
Bounce:                0 kB
WritebackTmp:          0 kB
CommitLimit:    12176020 kB
Committed_AS:   26252148 kB
VmallocTotal:   34359738367 kB
VmallocUsed:           0 kB
VmallocChunk:          0 kB
HardwareCorrupted:     0 kB
AnonHugePages:         0 kB
CmaTotal:              0 kB
CmaFree:               0 kB
HugePages_Total:       0
HugePages_Free:        0
HugePages_Rsvd:        0
HugePages_Surp:        0
Hugepagesize:       2048 kB
DirectMap4k:     2170340 kB
DirectMap2M:    10270720 kB
DirectMap1G:     1048576 kB


CPU:total 4 (initial active 4) (2 cores per cpu, 2 threads per core) family 6 model 78 stepping 3, cmov, cx8, fxsr, mmx, sse, sse2, sse3, ssse3, sse4.1, sse4.2, popcnt, avx, avx2, aes, clmul, erms, 3dnowpref, lzcnt, ht, tsc, tscinvbit, bmi1, bmi2, adx

/proc/cpuinfo:
processor	: 0
vendor_id	: GenuineIntel
cpu family	: 6
model		: 78
model name	: Intel(R) Core(TM) i5-6200U CPU @ 2.30GHz
stepping	: 3
microcode	: 0x74
cpu MHz		: 2499.902
cache size	: 3072 KB
physical id	: 0
siblings	: 4
core id		: 0
cpu cores	: 2
apicid		: 0
initial apicid	: 0
fpu		: yes
fpu_exception	: yes
cpuid level	: 22
wp		: yes
flags		: fpu vme de pse tsc msr pae mce cx8 apic sep mtrr pge mca cmov pat pse36 clflush dts acpi mmx fxsr sse sse2 ss ht tm pbe syscall nx pdpe1gb rdtscp lm constant_tsc art arch_perfmon pebs bts rep_good nopl xtopology nonstop_tsc aperfmperf eagerfpu pni pclmulqdq dtes64 monitor ds_cpl vmx est tm2 ssse3 sdbg fma cx16 xtpr pdcm pcid sse4_1 sse4_2 x2apic movbe popcnt tsc_deadline_timer aes xsave avx f16c rdrand lahf_lm abm 3dnowprefetch epb intel_pt tpr_shadow vnmi flexpriority ept vpid fsgsbase tsc_adjust bmi1 avx2 smep bmi2 erms invpcid mpx rdseed adx smap clflushopt xsaveopt xsavec xgetbv1 dtherm ida arat pln pts hwp hwp_notify hwp_act_window hwp_epp
bugs		:
bogomips	: 4799.91
clflush size	: 64
cache_alignment	: 64
address sizes	: 39 bits physical, 48 bits virtual
power management:

processor	: 1
vendor_id	: GenuineIntel
cpu family	: 6
model		: 78
model name	: Intel(R) Core(TM) i5-6200U CPU @ 2.30GHz
stepping	: 3
microcode	: 0x74
cpu MHz		: 2481.152
cache size	: 3072 KB
physical id	: 0
siblings	: 4
core id		: 1
cpu cores	: 2
apicid		: 2
initial apicid	: 2
fpu		: yes
fpu_exception	: yes
cpuid level	: 22
wp		: yes
flags		: fpu vme de pse tsc msr pae mce cx8 apic sep mtrr pge mca cmov pat pse36 clflush dts acpi mmx fxsr sse sse2 ss ht tm pbe syscall nx pdpe1gb rdtscp lm constant_tsc art arch_perfmon pebs bts rep_good nopl xtopology nonstop_tsc aperfmperf eagerfpu pni pclmulqdq dtes64 monitor ds_cpl vmx est tm2 ssse3 sdbg fma cx16 xtpr pdcm pcid sse4_1 sse4_2 x2apic movbe popcnt tsc_deadline_timer aes xsave avx f16c rdrand lahf_lm abm 3dnowprefetch epb intel_pt tpr_shadow vnmi flexpriority ept vpid fsgsbase tsc_adjust bmi1 avx2 smep bmi2 erms invpcid mpx rdseed adx smap clflushopt xsaveopt xsavec xgetbv1 dtherm ida arat pln pts hwp hwp_notify hwp_act_window hwp_epp
bugs		:
bogomips	: 4803.79
clflush size	: 64
cache_alignment	: 64
address sizes	: 39 bits physical, 48 bits virtual
power management:

processor	: 2
vendor_id	: GenuineIntel
cpu family	: 6
model		: 78
model name	: Intel(R) Core(TM) i5-6200U CPU @ 2.30GHz
stepping	: 3
microcode	: 0x74
cpu MHz		: 2484.228
cache size	: 3072 KB
physical id	: 0
siblings	: 4
core id		: 0
cpu cores	: 2
apicid		: 1
initial apicid	: 1
fpu		: yes
fpu_exception	: yes
cpuid level	: 22
wp		: yes
flags		: fpu vme de pse tsc msr pae mce cx8 apic sep mtrr pge mca cmov pat pse36 clflush dts acpi mmx fxsr sse sse2 ss ht tm pbe syscall nx pdpe1gb rdtscp lm constant_tsc art arch_perfmon pebs bts rep_good nopl xtopology nonstop_tsc aperfmperf eagerfpu pni pclmulqdq dtes64 monitor ds_cpl vmx est tm2 ssse3 sdbg fma cx16 xtpr pdcm pcid sse4_1 sse4_2 x2apic movbe popcnt tsc_deadline_timer aes xsave avx f16c rdrand lahf_lm abm 3dnowprefetch epb intel_pt tpr_shadow vnmi flexpriority ept vpid fsgsbase tsc_adjust bmi1 avx2 smep bmi2 erms invpcid mpx rdseed adx smap clflushopt xsaveopt xsavec xgetbv1 dtherm ida arat pln pts hwp hwp_notify hwp_act_window hwp_epp
bugs		:
bogomips	: 4805.37
clflush size	: 64
cache_alignment	: 64
address sizes	: 39 bits physical, 48 bits virtual
power management:

processor	: 3
vendor_id	: GenuineIntel
cpu family	: 6
model		: 78
model name	: Intel(R) Core(TM) i5-6200U CPU @ 2.30GHz
stepping	: 3
microcode	: 0x74
cpu MHz		: 2403.515
cache size	: 3072 KB
physical id	: 0
siblings	: 4
core id		: 1
cpu cores	: 2
apicid		: 3
initial apicid	: 3
fpu		: yes
fpu_exception	: yes
cpuid level	: 22
wp		: yes
flags		: fpu vme de pse tsc msr pae mce cx8 apic sep mtrr pge mca cmov pat pse36 clflush dts acpi mmx fxsr sse sse2 ss ht tm pbe syscall nx pdpe1gb rdtscp lm constant_tsc art arch_perfmon pebs bts rep_good nopl xtopology nonstop_tsc aperfmperf eagerfpu pni pclmulqdq dtes64 monitor ds_cpl vmx est tm2 ssse3 sdbg fma cx16 xtpr pdcm pcid sse4_1 sse4_2 x2apic movbe popcnt tsc_deadline_timer aes xsave avx f16c rdrand lahf_lm abm 3dnowprefetch epb intel_pt tpr_shadow vnmi flexpriority ept vpid fsgsbase tsc_adjust bmi1 avx2 smep bmi2 erms invpcid mpx rdseed adx smap clflushopt xsaveopt xsavec xgetbv1 dtherm ida arat pln pts hwp hwp_notify hwp_act_window hwp_epp
bugs		:
bogomips	: 4803.97
clflush size	: 64
cache_alignment	: 64
address sizes	: 39 bits physical, 48 bits virtual
power management:



Memory: 4k page, physical 12162352k(124368k free), swap 6094844k(0k free)

vm_info: Java HotSpot(TM) 64-Bit Server VM (25.131-b11) for linux-amd64 JRE (1.8.0_131-b11), built on Mar 15 2017 01:23:40 by "java_re" with gcc 4.3.0 20080428 (Red Hat 4.3.0-8)

time: Tue Jul 11 13:09:45 2017
elapsed time: 26 seconds (0d 0h 0m 26s)

